# JRE version: OpenJDK Runtime Environment (11.0.11+9) (build 11.0.11+9-b60-7590822)
# Java VM: OpenJDK 64-Bit Server VM (11.0.11+9-b60-7590822, mixed mode, tiered, compressed oops, g1 gc, windows-amd64)
Heap:
 garbage-first heap   total 227328K, used 152877K [0x0000000080000000, 0x0000000100000000)
  region size 1024K, 2 young (2048K), 2 survivors (2048K)
 Metaspace       used 124948K, capacity 127819K, committed 128220K, reserved 1161216K
  class space    used 15241K, capacity 16384K, committed 16524K, reserved 1048576K
GC Heap History (20 events):
Event: 3555.268 GC heap after
{Heap after GC invocations=74 (full 0):
 garbage-first heap   total 189440K, used 143777K [0x0000000080000000, 0x0000000100000000)
  region size 1024K, 1 young (1024K), 1 survivors (1024K)
 Metaspace       used 121232K, capacity 123986K, committed 124764K, reserved 1159168K
  class space    used 14808K, capacity 15900K, committed 16140K, reserved 1048576K
}
Event: 3555.635 GC heap before
{Heap before GC invocations=74 (full 0):
 garbage-first heap   total 189440K, used 160161K [0x0000000080000000, 0x0000000100000000)
  region size 1024K, 17 young (17408K), 1 survivors (1024K)
 Metaspace       used 122126K, capacity 124865K, committed 125660K, reserved 1159168K
  class space    used 14900K, capacity 15999K, committed 16268K, reserved 1048576K
}
Event: 3555.642 GC heap after
{Heap after GC invocations=75 (full 0):
 garbage-first heap   total 189440K, used 144007K [0x0000000080000000, 0x0000000100000000)
  region size 1024K, 2 young (2048K), 2 survivors (2048K)
 Metaspace       used 122126K, capacity 124865K, committed 125660K, reserved 1159168K
  class space    used 14900K, capacity 15999K, committed 16268K, reserved 1048576K
}
Event: 3556.467 GC heap before
{Heap before GC invocations=76 (full 0):
 garbage-first heap   total 189440K, used 167559K [0x0000000080000000, 0x0000000100000000)
  region size 1024K, 18 young (18432K), 2 survivors (2048K)
 Metaspace       used 122454K, capacity 125229K, committed 125916K, reserved 1159168K
  class space    used 14926K, capacity 16017K, committed 16268K, reserved 1048576K
}
Event: 3556.482 GC heap after
{Heap after GC invocations=77 (full 0):
 garbage-first heap   total 189440K, used 145521K [0x0000000080000000, 0x0000000100000000)
  region size 1024K, 3 young (3072K), 3 survivors (3072K)
 Metaspace       used 122454K, capacity 125229K, committed 125916K, reserved 1159168K
  class space    used 14926K, capacity 16017K, committed 16268K, reserved 1048576K
}
Event: 3556.633 GC heap before
{Heap before GC invocations=77 (full 0):
 garbage-first heap   total 189440K, used 151665K [0x0000000080000000, 0x0000000100000000)
  region size 1024K, 9 young (9216K), 3 survivors (3072K)
 Metaspace       used 122460K, capacity 125229K, committed 125916K, reserved 1159168K
  class space    used 14926K, capacity 16017K, committed 16268K, reserved 1048576K
}
Event: 3556.651 GC heap after
{Heap after GC invocations=78 (full 0):
 garbage-first heap   total 189440K, used 145458K [0x0000000080000000, 0x0000000100000000)
  region size 1024K, 1 young (1024K), 1 survivors (1024K)
 Metaspace       used 122460K, capacity 125229K, committed 125916K, reserved 1159168K
  class space    used 14926K, capacity 16017K, committed 16268K, reserved 1048576K
}
Event: 3556.960 GC heap before
{Heap before GC invocations=78 (full 0):
 garbage-first heap   total 189440K, used 160818K [0x0000000080000000, 0x0000000100000000)
  region size 1024K, 16 young (16384K), 1 survivors (1024K)
 Metaspace       used 124223K, capacity 127039K, committed 127708K, reserved 1161216K
  class space    used 15179K, capacity 16305K, committed 16524K, reserved 1048576K
}
Event: 3556.969 GC heap after
{Heap after GC invocations=79 (full 0):
 garbage-first heap   total 189440K, used 147052K [0x0000000080000000, 0x0000000100000000)
  region size 1024K, 2 young (2048K), 2 survivors (2048K)
 Metaspace       used 124223K, capacity 127039K, committed 127708K, reserved 1161216K
  class space    used 15179K, capacity 16305K, committed 16524K, reserved 1048576K
}
Event: 3557.183 GC heap before
{Heap before GC invocations=79 (full 0):
 garbage-first heap   total 189440K, used 162412K [0x0000000080000000, 0x0000000100000000)
  region size 1024K, 17 young (17408K), 2 survivors (2048K)
 Metaspace       used 124596K, capacity 127398K, committed 127964K, reserved 1161216K
  class space    used 15213K, capacity 16339K, committed 16524K, reserved 1048576K
}
Event: 3557.190 GC heap after
{Heap after GC invocations=80 (full 0):
 garbage-first heap   total 189440K, used 147414K [0x0000000080000000, 0x0000000100000000)
  region size 1024K, 2 young (2048K), 2 survivors (2048K)
 Metaspace       used 124596K, capacity 127398K, committed 127964K, reserved 1161216K
  class space    used 15213K, capacity 16339K, committed 16524K, reserved 1048576K
}
Event: 3557.460 GC heap before
{Heap before GC invocations=81 (full 0):
 garbage-first heap   total 189440K, used 161750K [0x0000000080000000, 0x0000000100000000)
  region size 1024K, 16 young (16384K), 2 survivors (2048K)
 Metaspace       used 124602K, capacity 127462K, committed 127964K, reserved 1161216K
  class space    used 15213K, capacity 16339K, committed 16524K, reserved 1048576K
}
Event: 3557.464 GC heap after
{Heap after GC invocations=82 (full 0):
 garbage-first heap   total 189440K, used 147560K [0x0000000080000000, 0x0000000100000000)
  region size 1024K, 1 young (1024K), 1 survivors (1024K)
 Metaspace       used 124602K, capacity 127462K, committed 127964K, reserved 1161216K
  class space    used 15213K, capacity 16339K, committed 16524K, reserved 1048576K
}
Event: 3557.488 GC heap before
{Heap before GC invocations=82 (full 0):
 garbage-first heap   total 189440K, used 155752K [0x0000000080000000, 0x0000000100000000)
  region size 1024K, 9 young (9216K), 1 survivors (1024K)
 Metaspace       used 124603K, capacity 127462K, committed 127964K, reserved 1161216K
  class space    used 15213K, capacity 16339K, committed 16524K, reserved 1048576K
}
Event: 3557.495 GC heap after
{Heap after GC invocations=83 (full 0):
 garbage-first heap   total 189440K, used 146725K [0x0000000080000000, 0x0000000100000000)
  region size 1024K, 1 young (1024K), 1 survivors (1024K)
 Metaspace       used 124603K, capacity 127462K, committed 127964K, reserved 1161216K
  class space    used 15213K, capacity 16339K, committed 16524K, reserved 1048576K
}
Event: 3557.587 GC heap before
{Heap before GC invocations=83 (full 0):
 garbage-first heap   total 189440K, used 162085K [0x0000000080000000, 0x0000000100000000)
  region size 1024K, 16 young (16384K), 1 survivors (1024K)
 Metaspace       used 124604K, capacity 127462K, committed 127964K, reserved 1161216K
  class space    used 15213K, capacity 16339K, committed 16524K, reserved 1048576K
}
Event: 3557.590 GC heap after
{Heap after GC invocations=84 (full 0):
 garbage-first heap   total 189440K, used 146715K [0x0000000080000000, 0x0000000100000000)
  region size 1024K, 1 young (1024K), 1 survivors (1024K)
 Metaspace       used 124604K, capacity 127462K, committed 127964K, reserved 1161216K
  class space    used 15213K, capacity 16339K, committed 16524K, reserved 1048576K
}
Event: 3558.117 GC heap before
{Heap before GC invocations=85 (full 0):
 garbage-first heap   total 189440K, used 162075K [0x0000000080000000, 0x0000000100000000)
  region size 1024K, 17 young (17408K), 1 survivors (1024K)
 Metaspace       used 124684K, capacity 127468K, committed 127964K, reserved 1161216K
  class space    used 15222K, capacity 16341K, committed 16524K, reserved 1048576K
}
Event: 3558.127 GC heap after
{Heap after GC invocations=86 (full 0):
 garbage-first heap   total 189440K, used 152169K [0x0000000080000000, 0x0000000100000000)
  region size 1024K, 3 young (3072K), 3 survivors (3072K)
 Metaspace       used 124684K, capacity 127468K, committed 127964K, reserved 1161216K
  class space    used 15222K, capacity 16341K, committed 16524K, reserved 1048576K
}
Event: 3558.517 GC heap before
{Heap before GC invocations=86 (full 0):
 garbage-first heap   total 189440K, used 177769K [0x0000000080000000, 0x0000000100000000)
  region size 1024K, 14 young (14336K), 3 survivors (3072K)
 Metaspace       used 124948K, capacity 127819K, committed 128220K, reserved 1161216K
  class space    used 15241K, capacity 16384K, committed 16524K, reserved 1048576K
}

