# JRE version: OpenJDK Runtime Environment (11.0.11+9) (build 11.0.11+9-b60-7590822)
# Java VM: OpenJDK 64-Bit Server VM (11.0.11+9-b60-7590822, mixed mode, tiered, compressed oops, g1 gc, windows-amd64)
Heap:
 garbage-first heap   total 189440K, used 52264K [0x0000000080000000, 0x0000000100000000)
  region size 1024K, 7 young (7168K), 7 survivors (7168K)
 Metaspace       used 64947K, capacity 66415K, committed 66468K, reserved 1107968K
  class space    used 8191K, capacity 8754K, committed 8780K, reserved 1048576K
GC Heap History (20 events):
Event: 1.210 GC heap after
{Heap after GC invocations=2 (full 0):
 garbage-first heap   total 131072K, used 9428K [0x0000000080000000, 0x0000000100000000)
  region size 1024K, 2 young (2048K), 2 survivors (2048K)
 Metaspace       used 10304K, capacity 10565K, committed 10624K, reserved 1058816K
  class space    used 1073K, capacity 1139K, committed 1152K, reserved 1048576K
}
Event: 1.950 GC heap before
{Heap before GC invocations=2 (full 0):
 garbage-first heap   total 131072K, used 37076K [0x0000000080000000, 0x0000000100000000)
  region size 1024K, 29 young (29696K), 2 survivors (2048K)
 Metaspace       used 11252K, capacity 11520K, committed 11776K, reserved 1060864K
  class space    used 1176K, capacity 1244K, committed 1280K, reserved 1048576K
}
Event: 1.954 GC heap after
{Heap after GC invocations=3 (full 0):
 garbage-first heap   total 131072K, used 12593K [0x0000000080000000, 0x0000000100000000)
  region size 1024K, 4 young (4096K), 4 survivors (4096K)
 Metaspace       used 11252K, capacity 11520K, committed 11776K, reserved 1060864K
  class space    used 1176K, capacity 1244K, committed 1280K, reserved 1048576K
}
Event: 2.920 GC heap before
{Heap before GC invocations=3 (full 0):
 garbage-first heap   total 131072K, used 52529K [0x0000000080000000, 0x0000000100000000)
  region size 1024K, 44 young (45056K), 4 survivors (4096K)
 Metaspace       used 17414K, capacity 17812K, committed 18048K, reserved 1064960K
  class space    used 2041K, capacity 2155K, committed 2176K, reserved 1048576K
}
Event: 2.926 GC heap after
{Heap after GC invocations=4 (full 0):
 garbage-first heap   total 131072K, used 16224K [0x0000000080000000, 0x0000000100000000)
  region size 1024K, 6 young (6144K), 6 survivors (6144K)
 Metaspace       used 17414K, capacity 17812K, committed 18048K, reserved 1064960K
  class space    used 2041K, capacity 2155K, committed 2176K, reserved 1048576K
}
Event: 3.307 GC heap before
{Heap before GC invocations=4 (full 0):
 garbage-first heap   total 131072K, used 42848K [0x0000000080000000, 0x0000000100000000)
  region size 1024K, 33 young (33792K), 6 survivors (6144K)
 Metaspace       used 20673K, capacity 21116K, committed 21296K, reserved 1069056K
  class space    used 2532K, capacity 2660K, committed 2688K, reserved 1048576K
}
Event: 3.315 GC heap after
{Heap after GC invocations=5 (full 0):
 garbage-first heap   total 131072K, used 17326K [0x0000000080000000, 0x0000000100000000)
  region size 1024K, 2 young (2048K), 2 survivors (2048K)
 Metaspace       used 20673K, capacity 21116K, committed 21296K, reserved 1069056K
  class space    used 2532K, capacity 2660K, committed 2688K, reserved 1048576K
}
Event: 4.312 GC heap before
{Heap before GC invocations=6 (full 0):
 garbage-first heap   total 131072K, used 64430K [0x0000000080000000, 0x0000000100000000)
  region size 1024K, 49 young (50176K), 2 survivors (2048K)
 Metaspace       used 25784K, capacity 26409K, committed 26544K, reserved 1073152K
  class space    used 3368K, capacity 3580K, committed 3584K, reserved 1048576K
}
Event: 4.318 GC heap after
{Heap after GC invocations=7 (full 0):
 garbage-first heap   total 131072K, used 19115K [0x0000000080000000, 0x0000000100000000)
  region size 1024K, 3 young (3072K), 3 survivors (3072K)
 Metaspace       used 25784K, capacity 26409K, committed 26544K, reserved 1073152K
  class space    used 3368K, capacity 3580K, committed 3584K, reserved 1048576K
}
Event: 5.342 GC heap before
{Heap before GC invocations=7 (full 0):
 garbage-first heap   total 131072K, used 78507K [0x0000000080000000, 0x0000000100000000)
  region size 1024K, 62 young (63488K), 3 survivors (3072K)
 Metaspace       used 34905K, capacity 35660K, committed 35708K, reserved 1081344K
  class space    used 4538K, capacity 4861K, committed 4864K, reserved 1048576K
}
Event: 5.357 GC heap after
{Heap after GC invocations=8 (full 0):
 garbage-first heap   total 131072K, used 22664K [0x0000000080000000, 0x0000000100000000)
  region size 1024K, 7 young (7168K), 7 survivors (7168K)
 Metaspace       used 34905K, capacity 35660K, committed 35708K, reserved 1081344K
  class space    used 4538K, capacity 4861K, committed 4864K, reserved 1048576K
}
Event: 6.339 GC heap before
{Heap before GC invocations=9 (full 0):
 garbage-first heap   total 131072K, used 88200K [0x0000000080000000, 0x0000000100000000)
  region size 1024K, 69 young (70656K), 7 survivors (7168K)
 Metaspace       used 39820K, capacity 40790K, committed 40904K, reserved 1085440K
  class space    used 5082K, capacity 5435K, committed 5452K, reserved 1048576K
}
Event: 6.354 GC heap after
{Heap after GC invocations=10 (full 0):
 garbage-first heap   total 157696K, used 28222K [0x0000000080000000, 0x0000000100000000)
  region size 1024K, 9 young (9216K), 9 survivors (9216K)
 Metaspace       used 39820K, capacity 40790K, committed 40904K, reserved 1085440K
  class space    used 5082K, capacity 5435K, committed 5452K, reserved 1048576K
}
Event: 7.377 GC heap before
{Heap before GC invocations=10 (full 0):
 garbage-first heap   total 157696K, used 102974K [0x0000000080000000, 0x0000000100000000)
  region size 1024K, 82 young (83968K), 9 survivors (9216K)
 Metaspace       used 46733K, capacity 47870K, committed 48200K, reserved 1091584K
  class space    used 6016K, capacity 6467K, committed 6604K, reserved 1048576K
}
Event: 7.390 GC heap after
{Heap after GC invocations=11 (full 0):
 garbage-first heap   total 157696K, used 30497K [0x0000000080000000, 0x0000000100000000)
  region size 1024K, 8 young (8192K), 8 survivors (8192K)
 Metaspace       used 46733K, capacity 47870K, committed 48200K, reserved 1091584K
  class space    used 6016K, capacity 6467K, committed 6604K, reserved 1048576K
}
Event: 8.874 GC heap before
{Heap before GC invocations=11 (full 0):
 garbage-first heap   total 157696K, used 120609K [0x0000000080000000, 0x0000000100000000)
  region size 1024K, 92 young (94208K), 8 survivors (8192K)
 Metaspace       used 53154K, capacity 54460K, committed 54600K, reserved 1097728K
  class space    used 6766K, capacity 7280K, committed 7372K, reserved 1048576K
}
Event: 8.892 GC heap after
{Heap after GC invocations=12 (full 0):
 garbage-first heap   total 157696K, used 45209K [0x0000000080000000, 0x0000000100000000)
  region size 1024K, 12 young (12288K), 12 survivors (12288K)
 Metaspace       used 53154K, capacity 54460K, committed 54600K, reserved 1097728K
  class space    used 6766K, capacity 7280K, committed 7372K, reserved 1048576K
}
Event: 9.591 GC heap before
{Heap before GC invocations=12 (full 0):
 garbage-first heap   total 157696K, used 81049K [0x0000000080000000, 0x0000000100000000)
  region size 1024K, 48 young (49152K), 12 survivors (12288K)
 Metaspace       used 58595K, capacity 59936K, committed 60068K, reserved 1101824K
  class space    used 7407K, capacity 7949K, committed 8012K, reserved 1048576K
}
Event: 9.616 GC heap after
{Heap after GC invocations=13 (full 0):
 garbage-first heap   total 157696K, used 47793K [0x0000000080000000, 0x0000000100000000)
  region size 1024K, 3 young (3072K), 3 survivors (3072K)
 Metaspace       used 58595K, capacity 59936K, committed 60068K, reserved 1101824K
  class space    used 7407K, capacity 7949K, committed 8012K, reserved 1048576K
}
Event: 13.621 GC heap before
{Heap before GC invocations=14 (full 0):
 garbage-first heap   total 157696K, used 106161K [0x0000000080000000, 0x0000000100000000)
  region size 1024K, 60 young (61440K), 3 survivors (3072K)
 Metaspace       used 64947K, capacity 66415K, committed 66468K, reserved 1107968K
  class space    used 8191K, capacity 8754K, committed 8780K, reserved 1048576K
}

