# JRE version: OpenJDK Runtime Environment (11.0.11+9) (build 11.0.11+9-b60-7590822)
# Java VM: OpenJDK 64-Bit Server VM (11.0.11+9-b60-7590822, mixed mode, tiered, compressed oops, g1 gc, windows-amd64)
Heap:
 garbage-first heap   total 189440K, used 119873K [0x0000000080000000, 0x0000000100000000)
  region size 1024K, 48 young (49152K), 4 survivors (4096K)
 Metaspace       used 72173K, capacity 74025K, committed 74320K, reserved 1114112K
  class space    used 9131K, capacity 9767K, committed 9804K, reserved 1048576K
GC Heap History (20 events):
Event: 5.437 GC heap before
{Heap before GC invocations=7 (full 0):
 garbage-first heap   total 131072K, used 80534K [0x0000000080000000, 0x0000000100000000)
  region size 1024K, 55 young (56320K), 3 survivors (3072K)
 Metaspace       used 30678K, capacity 31603K, committed 31740K, reserved 1077248K
  class space    used 4113K, capacity 4404K, committed 4428K, reserved 1048576K
}
Event: 5.445 GC heap after
{Heap after GC invocations=8 (full 0):
 garbage-first heap   total 131072K, used 32170K [0x0000000080000000, 0x0000000100000000)
  region size 1024K, 7 young (7168K), 7 survivors (7168K)
 Metaspace       used 30678K, capacity 31603K, committed 31740K, reserved 1077248K
  class space    used 4113K, capacity 4404K, committed 4428K, reserved 1048576K
}
Event: 5.884 GC heap before
{Heap before GC invocations=8 (full 0):
 garbage-first heap   total 131072K, used 51626K [0x0000000080000000, 0x0000000100000000)
  region size 1024K, 27 young (27648K), 7 survivors (7168K)
 Metaspace       used 34982K, capacity 35966K, committed 36048K, reserved 1081344K
  class space    used 4557K, capacity 4923K, committed 4940K, reserved 1048576K
}
Event: 5.900 GC heap after
{Heap after GC invocations=9 (full 0):
 garbage-first heap   total 131072K, used 34172K [0x0000000080000000, 0x0000000100000000)
  region size 1024K, 6 young (6144K), 6 survivors (6144K)
 Metaspace       used 34982K, capacity 35966K, committed 36048K, reserved 1081344K
  class space    used 4557K, capacity 4923K, committed 4940K, reserved 1048576K
}
Event: 7.517 GC heap before
{Heap before GC invocations=10 (full 0):
 garbage-first heap   total 131072K, used 88444K [0x0000000080000000, 0x0000000100000000)
  region size 1024K, 57 young (58368K), 6 survivors (6144K)
 Metaspace       used 40613K, capacity 41674K, committed 41756K, reserved 1085440K
  class space    used 5175K, capacity 5561K, committed 5580K, reserved 1048576K
}
Event: 7.532 GC heap after
{Heap after GC invocations=11 (full 0):
 garbage-first heap   total 157696K, used 38853K [0x0000000080000000, 0x0000000100000000)
  region size 1024K, 7 young (7168K), 7 survivors (7168K)
 Metaspace       used 40613K, capacity 41674K, committed 41756K, reserved 1085440K
  class space    used 5175K, capacity 5561K, committed 5580K, reserved 1048576K
}
Event: 8.791 GC heap before
{Heap before GC invocations=12 (full 0):
 garbage-first heap   total 157696K, used 98245K [0x0000000080000000, 0x0000000100000000)
  region size 1024K, 65 young (66560K), 7 survivors (7168K)
 Metaspace       used 45360K, capacity 46566K, committed 46748K, reserved 1089536K
  class space    used 5931K, capacity 6383K, committed 6476K, reserved 1048576K
}
Event: 8.804 GC heap after
{Heap after GC invocations=13 (full 0):
 garbage-first heap   total 157696K, used 41514K [0x0000000080000000, 0x0000000100000000)
  region size 1024K, 7 young (7168K), 7 survivors (7168K)
 Metaspace       used 45360K, capacity 46566K, committed 46748K, reserved 1089536K
  class space    used 5931K, capacity 6383K, committed 6476K, reserved 1048576K
}
Event: 9.926 GC heap before
{Heap before GC invocations=13 (full 0):
 garbage-first heap   total 157696K, used 116266K [0x0000000080000000, 0x0000000100000000)
  region size 1024K, 80 young (81920K), 7 survivors (7168K)
 Metaspace       used 46913K, capacity 48223K, committed 48540K, reserved 1091584K
  class space    used 6105K, capacity 6593K, committed 6732K, reserved 1048576K
}
Event: 9.942 GC heap after
{Heap after GC invocations=14 (full 0):
 garbage-first heap   total 157696K, used 43791K [0x0000000080000000, 0x0000000100000000)
  region size 1024K, 6 young (6144K), 6 survivors (6144K)
 Metaspace       used 46913K, capacity 48223K, committed 48540K, reserved 1091584K
  class space    used 6105K, capacity 6593K, committed 6732K, reserved 1048576K
}
Event: 10.988 GC heap before
{Heap before GC invocations=14 (full 0):
 garbage-first heap   total 157696K, used 120591K [0x0000000080000000, 0x0000000100000000)
  region size 1024K, 78 young (79872K), 6 survivors (6144K)
 Metaspace       used 50431K, capacity 51968K, committed 52124K, reserved 1095680K
  class space    used 6374K, capacity 6915K, committed 6988K, reserved 1048576K
}
Event: 10.999 GC heap after
{Heap after GC invocations=15 (full 0):
 garbage-first heap   total 157696K, used 50646K [0x0000000080000000, 0x0000000100000000)
  region size 1024K, 9 young (9216K), 9 survivors (9216K)
 Metaspace       used 50431K, capacity 51968K, committed 52124K, reserved 1095680K
  class space    used 6374K, capacity 6915K, committed 6988K, reserved 1048576K
}
Event: 12.040 GC heap before
{Heap before GC invocations=15 (full 0):
 garbage-first heap   total 157696K, used 124374K [0x0000000080000000, 0x0000000100000000)
  region size 1024K, 77 young (78848K), 9 survivors (9216K)
 Metaspace       used 53882K, capacity 55451K, committed 55708K, reserved 1097728K
  class space    used 6932K, capacity 7477K, committed 7500K, reserved 1048576K
}
Event: 12.057 GC heap after
{Heap after GC invocations=16 (full 0):
 garbage-first heap   total 189440K, used 59538K [0x0000000080000000, 0x0000000100000000)
  region size 1024K, 9 young (9216K), 9 survivors (9216K)
 Metaspace       used 53882K, capacity 55451K, committed 55708K, reserved 1097728K
  class space    used 6932K, capacity 7477K, committed 7500K, reserved 1048576K
}
Event: 13.182 GC heap before
{Heap before GC invocations=16 (full 0):
 garbage-first heap   total 189440K, used 142482K [0x0000000080000000, 0x0000000100000000)
  region size 1024K, 86 young (88064K), 9 survivors (9216K)
 Metaspace       used 56949K, capacity 58706K, committed 58780K, reserved 1099776K
  class space    used 7307K, capacity 7954K, committed 8012K, reserved 1048576K
}
Event: 13.198 GC heap after
{Heap after GC invocations=17 (full 0):
 garbage-first heap   total 189440K, used 72877K [0x0000000080000000, 0x0000000100000000)
  region size 1024K, 11 young (11264K), 11 survivors (11264K)
 Metaspace       used 56949K, capacity 58706K, committed 58780K, reserved 1099776K
  class space    used 7307K, capacity 7954K, committed 8012K, reserved 1048576K
}
Event: 14.556 GC heap before
{Heap before GC invocations=17 (full 0):
 garbage-first heap   total 189440K, used 145581K [0x0000000080000000, 0x0000000100000000)
  region size 1024K, 82 young (83968K), 11 survivors (11264K)
 Metaspace       used 67624K, capacity 69600K, committed 69788K, reserved 1110016K
  class space    used 8590K, capacity 9258K, committed 9292K, reserved 1048576K
}
Event: 14.571 GC heap after
{Heap after GC invocations=18 (full 0):
 garbage-first heap   total 189440K, used 76422K [0x0000000080000000, 0x0000000100000000)
  region size 1024K, 4 young (4096K), 4 survivors (4096K)
 Metaspace       used 67624K, capacity 69600K, committed 69788K, reserved 1110016K
  class space    used 8590K, capacity 9258K, committed 9292K, reserved 1048576K
}
Event: 14.622 GC heap before
{Heap before GC invocations=18 (full 0):
 garbage-first heap   total 189440K, used 79494K [0x0000000080000000, 0x0000000100000000)
  region size 1024K, 8 young (8192K), 4 survivors (4096K)
 Metaspace       used 67931K, capacity 69777K, committed 69916K, reserved 1110016K
  class space    used 8627K, capacity 9296K, committed 9420K, reserved 1048576K
}
Event: 14.628 GC heap after
{Heap after GC invocations=19 (full 0):
 garbage-first heap   total 189440K, used 76865K [0x0000000080000000, 0x0000000100000000)
  region size 1024K, 4 young (4096K), 4 survivors (4096K)
 Metaspace       used 67931K, capacity 69777K, committed 69916K, reserved 1110016K
  class space    used 8627K, capacity 9296K, committed 9420K, reserved 1048576K
}

